<?xml version="1.0" encoding="UTF-8"?>
<!-- Generated by org.testng.reporters.JUnitReportReporter -->
<testsuite skipped="0" hostname="DESKTOP-210GM47" name="com.testscenarios.ClassTemplate" tests="9" failures="0" timestamp="2022-01-08T09:41:27 IST" time="163.853" errors="0">
  <testcase name="TC_023_MobileNumberFunctionality" time="15.772" classname="com.testscenarios.ClassTemplate"/>
  <system-out/>
  <testcase name="TC_023_MobileNumberFunctionality" time="15.537" classname="com.testscenarios.ClassTemplate"/>
  <system-out/>
  <testcase name="TC_023_MobileNumberFunctionality" time="16.265" classname="com.testscenarios.ClassTemplate"/>
  <system-out/>
  <testcase name="TC_023_MobileNumberFunctionality" time="15.878" classname="com.testscenarios.ClassTemplate"/>
  <system-out/>
  <testcase name="TC_023_MobileNumberFunctionality" time="14.101" classname="com.testscenarios.ClassTemplate"/>
  <system-out/>
  <testcase name="TC_023_MobileNumberFunctionality" time="15.084" classname="com.testscenarios.ClassTemplate"/>
  <system-out/>
  <testcase name="TC_023_MobileNumberFunctionality" time="39.005" classname="com.testscenarios.ClassTemplate"/>
  <system-out/>
  <testcase name="TC_023_MobileNumberFunctionality" time="16.934" classname="com.testscenarios.ClassTemplate"/>
  <system-out/>
  <testcase name="TC_023_MobileNumberFunctionality" time="15.277" classname="com.testscenarios.ClassTemplate"/>
  <system-out/>
</testsuite> <!-- com.testscenarios.ClassTemplate -->
